<?xml version="1.0" encoding="UTF-8"?>
<!-- Generated by org.testng.reporters.JUnitReportReporter -->
<testsuite hostname="DESKTOP-OASMD0P" failures="0" tests="2" name="rahulshettyacademy.Tests.submitOrderTest" time="33.736" errors="0" timestamp="2024-01-25T23:27:31 IST" skipped="0">
  <testcase classname="rahulshettyacademy.Tests.submitOrderTest" name="submitOrder" time="18.040"/>
  <testcase classname="rahulshettyacademy.Tests.submitOrderTest" name="submitOrder" time="15.696"/>
</testsuite> <!-- rahulshettyacademy.Tests.submitOrderTest -->
